[debug] [2023-12-27T11:51:47.855Z] ----------------------------------------------------------------------
[debug] [2023-12-27T11:51:47.857Z] Command:       C:\Users\suzuk\ANDROI~2\firebase-tools-instant-win (1).exe C:\Users\suzuk\.cache\firebase\tools\lib\node_modules\firebase-tools\lib\bin\firebase init
[debug] [2023-12-27T11:51:47.857Z] CLI Version:   13.0.2
[debug] [2023-12-27T11:51:47.857Z] Platform:      win32
[debug] [2023-12-27T11:51:47.857Z] Node Version:  v18.5.0
[debug] [2023-12-27T11:51:47.858Z] Time:          Wed Dec 27 2023 20:51:47 GMT+0900 (GMT+09:00)
[debug] [2023-12-27T11:51:47.858Z] ----------------------------------------------------------------------
[debug] 
[debug] [2023-12-27T11:51:47.862Z] > command requires scopes: ["email","openid","https://www.googleapis.com/auth/cloudplatformprojects.readonly","https://www.googleapis.com/auth/firebase","https://www.googleapis.com/auth/cloud-platform"]
[debug] [2023-12-27T11:51:47.863Z] > authorizing via signed-in user (suzuki879455@gmail.com)
[info] 
     ######## #### ########  ######## ########     ###     ######  ########
     ##        ##  ##     ## ##       ##     ##  ##   ##  ##       ##
     ######    ##  ########  ######   ########  #########  ######  ######
     ##        ##  ##    ##  ##       ##     ## ##     ##       ## ##
     ##       #### ##     ## ######## ########  ##     ##  ######  ########

You're about to initialize a Firebase project in this directory:

  C:\Users\suzuk\AndroidStudioProjects\BookSharing

[info] 
=== Project Setup
[info] 
[info] First, let's associate this project directory with a Firebase project.
[info] You can create multiple project aliases by running firebase use --add, 
[info] but for now we'll just set up a default project.
[info] 
[debug] [2023-12-27T11:55:15.338Z] >>> [apiv2][query] GET https://firebase.googleapis.com/v1beta1/projects pageSize=100
[debug] [2023-12-27T11:55:16.190Z] <<< [apiv2][status] GET https://firebase.googleapis.com/v1beta1/projects 200
[debug] [2023-12-27T11:55:16.191Z] <<< [apiv2][body] GET https://firebase.googleapis.com/v1beta1/projects [omitted]
[info] i  Using project test-project-14e35 (BooksAppDB) 
[info] 
=== Firestore Setup
[debug] [2023-12-27T11:55:22.041Z] >>> [apiv2][query] GET https://serviceusage.googleapis.com/v1/projects/test-project-14e35/services/firestore.googleapis.com [none]
[debug] [2023-12-27T11:55:22.041Z] >>> [apiv2][(partial)header] GET https://serviceusage.googleapis.com/v1/projects/test-project-14e35/services/firestore.googleapis.com x-goog-quota-user=projects/test-project-14e35
[debug] [2023-12-27T11:55:23.602Z] <<< [apiv2][status] GET https://serviceusage.googleapis.com/v1/projects/test-project-14e35/services/firestore.googleapis.com 200
[debug] [2023-12-27T11:55:23.602Z] <<< [apiv2][body] GET https://serviceusage.googleapis.com/v1/projects/test-project-14e35/services/firestore.googleapis.com [omitted]
[debug] [2023-12-27T11:55:23.603Z] >>> [apiv2][query] GET https://firestore.googleapis.com/v1/projects/test-project-14e35/databases/(default) [none]
[debug] [2023-12-27T11:55:24.802Z] <<< [apiv2][status] GET https://firestore.googleapis.com/v1/projects/test-project-14e35/databases/(default) 200
[debug] [2023-12-27T11:55:24.803Z] <<< [apiv2][body] GET https://firestore.googleapis.com/v1/projects/test-project-14e35/databases/(default) {"name":"projects/test-project-14e35/databases/(default)","uid":"444d3986-38a1-4aae-b889-41f15cef1174","createTime":"2023-12-21T22:54:27.749905Z","updateTime":"2023-12-21T22:54:27.749905Z","locationId":"nam5","type":"FIRESTORE_NATIVE","concurrencyMode":"PESSIMISTIC","versionRetentionPeriod":"3600s","earliestVersionTime":"2023-12-27T10:55:26.064697Z","appEngineIntegrationMode":"DISABLED","keyPrefix":"s","pointInTimeRecoveryEnablement":"POINT_IN_TIME_RECOVERY_DISABLED","deleteProtectionState":"DELETE_PROTECTION_DISABLED","etag":"INyCkMzHr4MDMMmS37T8oYMD"}
[debug] [2023-12-27T11:55:24.803Z] database_type: FIRESTORE_NATIVE
[debug] [2023-12-27T11:55:24.804Z] > command requires scopes: ["email","openid","https://www.googleapis.com/auth/cloudplatformprojects.readonly","https://www.googleapis.com/auth/firebase","https://www.googleapis.com/auth/cloud-platform"]
[debug] [2023-12-27T11:55:24.804Z] > authorizing via signed-in user (suzuki879455@gmail.com)
[debug] [2023-12-27T11:55:24.804Z] [iam] checking project test-project-14e35 for permissions ["firebase.projects.get"]
[debug] [2023-12-27T11:55:24.804Z] >>> [apiv2][query] POST https://cloudresourcemanager.googleapis.com/v1/projects/test-project-14e35:testIamPermissions [none]
[debug] [2023-12-27T11:55:24.804Z] >>> [apiv2][(partial)header] POST https://cloudresourcemanager.googleapis.com/v1/projects/test-project-14e35:testIamPermissions x-goog-quota-user=projects/test-project-14e35
[debug] [2023-12-27T11:55:24.804Z] >>> [apiv2][body] POST https://cloudresourcemanager.googleapis.com/v1/projects/test-project-14e35:testIamPermissions {"permissions":["firebase.projects.get"]}
[debug] [2023-12-27T11:55:25.843Z] <<< [apiv2][status] POST https://cloudresourcemanager.googleapis.com/v1/projects/test-project-14e35:testIamPermissions 200
[debug] [2023-12-27T11:55:25.843Z] <<< [apiv2][body] POST https://cloudresourcemanager.googleapis.com/v1/projects/test-project-14e35:testIamPermissions {"permissions":["firebase.projects.get"]}
[info] 
[info] Firestore Security Rules allow you to define how and when to allow
[info] requests. You can keep these rules in your project directory
[info] and publish them with firebase deploy.
[info] 
